2020-02-12 20:23:02.903259: I tensorflow/core/platform/cpu_feature_guard.cc:142] Your CPU supports instructions that this TensorFlow binary was not compiled to use: AVX2 FMA
2020-02-12 20:23:02.909595: I tensorflow/core/platform/profile_utils/cpu_utils.cc:94] CPU Frequency: 2494220000 Hz
2020-02-12 20:23:02.909807: I tensorflow/compiler/xla/service/service.cc:168] XLA service 0x5336ec0 executing computations on platform Host. Devices:
2020-02-12 20:23:02.909829: I tensorflow/compiler/xla/service/service.cc:175]   StreamExecutor device (0): <undefined>, <undefined>
2020-02-12 20:23:02.976372: W tensorflow/compiler/jit/mark_for_compilation_pass.cc:1412] (One-time warning): Not using XLA:CPU for cluster because envvar TF_XLA_FLAGS=--tf_xla_cpu_global_jit was not set.  If you want XLA:CPU, either set that envvar, or use experimental_jit_scope to enable XLA:CPU.  To confirm that XLA is active, pass --vmodule=xla_compilation_cache=1 (as a proper command-line flag, not via TF_XLA_FLAGS) or set the envvar XLA_FLAGS=--xla_hlo_profile.
Using TensorFlow backend.
/usr/local/python/lib/python3.6/site-packages/tensorflow/python/framework/dtypes.py:516: FutureWarning: Passing (type, 1) or '1type' as a synonym of type is deprecated; in a future version of numpy, it will be understood as (type, (1,)) / '(1,)type'.
  _np_qint8 = np.dtype([("qint8", np.int8, 1)])
/usr/local/python/lib/python3.6/site-packages/tensorflow/python/framework/dtypes.py:517: FutureWarning: Passing (type, 1) or '1type' as a synonym of type is deprecated; in a future version of numpy, it will be understood as (type, (1,)) / '(1,)type'.
  _np_quint8 = np.dtype([("quint8", np.uint8, 1)])
/usr/local/python/lib/python3.6/site-packages/tensorflow/python/framework/dtypes.py:518: FutureWarning: Passing (type, 1) or '1type' as a synonym of type is deprecated; in a future version of numpy, it will be understood as (type, (1,)) / '(1,)type'.
  _np_qint16 = np.dtype([("qint16", np.int16, 1)])
/usr/local/python/lib/python3.6/site-packages/tensorflow/python/framework/dtypes.py:519: FutureWarning: Passing (type, 1) or '1type' as a synonym of type is deprecated; in a future version of numpy, it will be understood as (type, (1,)) / '(1,)type'.
  _np_quint16 = np.dtype([("quint16", np.uint16, 1)])
/usr/local/python/lib/python3.6/site-packages/tensorflow/python/framework/dtypes.py:520: FutureWarning: Passing (type, 1) or '1type' as a synonym of type is deprecated; in a future version of numpy, it will be understood as (type, (1,)) / '(1,)type'.
  _np_qint32 = np.dtype([("qint32", np.int32, 1)])
/usr/local/python/lib/python3.6/site-packages/tensorflow/python/framework/dtypes.py:525: FutureWarning: Passing (type, 1) or '1type' as a synonym of type is deprecated; in a future version of numpy, it will be understood as (type, (1,)) / '(1,)type'.
  np_resource = np.dtype([("resource", np.ubyte, 1)])
/usr/local/python/lib/python3.6/site-packages/tensorboard/compat/tensorflow_stub/dtypes.py:541: FutureWarning: Passing (type, 1) or '1type' as a synonym of type is deprecated; in a future version of numpy, it will be understood as (type, (1,)) / '(1,)type'.
  _np_qint8 = np.dtype([("qint8", np.int8, 1)])
/usr/local/python/lib/python3.6/site-packages/tensorboard/compat/tensorflow_stub/dtypes.py:542: FutureWarning: Passing (type, 1) or '1type' as a synonym of type is deprecated; in a future version of numpy, it will be understood as (type, (1,)) / '(1,)type'.
  _np_quint8 = np.dtype([("quint8", np.uint8, 1)])
/usr/local/python/lib/python3.6/site-packages/tensorboard/compat/tensorflow_stub/dtypes.py:543: FutureWarning: Passing (type, 1) or '1type' as a synonym of type is deprecated; in a future version of numpy, it will be understood as (type, (1,)) / '(1,)type'.
  _np_qint16 = np.dtype([("qint16", np.int16, 1)])
/usr/local/python/lib/python3.6/site-packages/tensorboard/compat/tensorflow_stub/dtypes.py:544: FutureWarning: Passing (type, 1) or '1type' as a synonym of type is deprecated; in a future version of numpy, it will be understood as (type, (1,)) / '(1,)type'.
  _np_quint16 = np.dtype([("quint16", np.uint16, 1)])
/usr/local/python/lib/python3.6/site-packages/tensorboard/compat/tensorflow_stub/dtypes.py:545: FutureWarning: Passing (type, 1) or '1type' as a synonym of type is deprecated; in a future version of numpy, it will be understood as (type, (1,)) / '(1,)type'.
  _np_qint32 = np.dtype([("qint32", np.int32, 1)])
/usr/local/python/lib/python3.6/site-packages/tensorboard/compat/tensorflow_stub/dtypes.py:550: FutureWarning: Passing (type, 1) or '1type' as a synonym of type is deprecated; in a future version of numpy, it will be understood as (type, (1,)) / '(1,)type'.
  np_resource = np.dtype([("resource", np.ubyte, 1)])
WARNING:tensorflow:From /usr/local/python/lib/python3.6/site-packages/keras/backend/tensorflow_backend.py:422: The name tf.global_variables is deprecated. Please use tf.compat.v1.global_variables instead.

Epoch 1/20

  1/500 [..............................] - ETA: 8:44 - loss: inf
  2/500 [..............................] - ETA: 5:30 - loss: nan
  3/500 [..............................] - ETA: 4:27 - loss: nan
  4/500 [..............................] - ETA: 3:54 - loss: nan
  5/500 [..............................] - ETA: 3:34 - loss: nan
  6/500 [..............................] - ETA: 3:20 - loss: nan
  7/500 [..............................] - ETA: 3:11 - loss: nan
  8/500 [..............................] - ETA: 3:03 - loss: nan
  9/500 [..............................] - ETA: 2:57 - loss: nan
 10/500 [..............................] - ETA: 2:53 - loss: nan
 11/500 [..............................] - ETA: 2:49 - loss: nan
 12/500 [..............................] - ETA: 2:47 - loss: nan
 13/500 [..............................] - ETA: 2:44 - loss: nan
 14/500 [..............................] - ETA: 2:42 - loss: nan
 15/500 [..............................] - ETA: 2:40 - loss: nan
 16/500 [..............................] - ETA: 2:37 - loss: nan
 17/500 [>.............................] - ETA: 2:36 - loss: nan
 18/500 [>.............................] - ETA: 2:34 - loss: nan
 19/500 [>.............................] - ETA: 2:33 - loss: nan
 20/500 [>.............................] - ETA: 2:31 - loss: nan
 21/500 [>.............................] - ETA: 2:30 - loss: nan
 22/500 [>.............................] - ETA: 2:29 - loss: nan
 23/500 [>.............................] - ETA: 2:28 - loss: nan
 24/500 [>.............................] - ETA: 2:28 - loss: nan
 25/500 [>.............................] - ETA: 2:28 - loss: nan
 26/500 [>.............................] - ETA: 2:27 - loss: nan
 27/500 [>.............................] - ETA: 2:27 - loss: nan
 28/500 [>.............................] - ETA: 2:26 - loss: nan
 29/500 [>.............................] - ETA: 2:25 - loss: nan
 30/500 [>.............................] - ETA: 2:24 - loss: nan
 31/500 [>.............................] - ETA: 2:24 - loss: nan
 32/500 [>.............................] - ETA: 2:23 - loss: nan
 33/500 [>.............................] - ETA: 2:22 - loss: nan
 34/500 [=>............................] - ETA: 2:22 - loss: nan
 35/500 [=>............................] - ETA: 2:21 - loss: nan
 36/500 [=>............................] - ETA: 2:20 - loss: nan
 37/500 [=>............................] - ETA: 2:19 - loss: nan
 38/500 [=>............................] - ETA: 2:19 - loss: nan
 39/500 [=>............................] - ETA: 2:18 - loss: nan
 40/500 [=>............................] - ETA: 2:18 - loss: nan
 41/500 [=>............................] - ETA: 2:17 - loss: nan
 42/500 [=>............................] - ETA: 2:17 - loss: nan
 43/500 [=>............................] - ETA: 2:16 - loss: nan
 44/500 [=>............................] - ETA: 2:15 - loss: nan
 45/500 [=>............................] - ETA: 2:15 - loss: nan
 46/500 [=>............................] - ETA: 2:14 - loss: nan
 47/500 [=>............................] - ETA: 2:14 - loss: nan
 48/500 [=>............................] - ETA: 2:13 - loss: nan
 49/500 [=>............................] - ETA: 2:13 - loss: nan
 50/500 [==>...........................] - ETA: 2:13 - loss: nan
 51/500 [==>...........................] - ETA: 2:12 - loss: nan
 52/500 [==>...........................] - ETA: 2:12 - loss: nan
 53/500 [==>...........................] - ETA: 2:12 - loss: nan
 54/500 [==>...........................] - ETA: 2:11 - loss: nan
 55/500 [==>...........................] - ETA: 2:11 - loss: nan
 56/500 [==>...........................] - ETA: 2:11 - loss: nan
 57/500 [==>...........................] - ETA: 2:11 - loss: nan
 58/500 [==>...........................] - ETA: 2:10 - loss: nan
 59/500 [==>...........................] - ETA: 2:10 - loss: nan
 60/500 [==>...........................] - ETA: 2:10 - loss: nan
 61/500 [==>...........................] - ETA: 2:10 - loss: nan
 62/500 [==>...........................] - ETA: 2:09 - loss: nan
 63/500 [==>...........................] - ETA: 2:09 - loss: nan
 64/500 [==>...........................] - ETA: 2:09 - loss: nan
 65/500 [==>...........................] - ETA: 2:08 - loss: nan
 66/500 [==>...........................] - ETA: 2:08 - loss: nan
 67/500 [===>..........................] - ETA: 2:08 - loss: nan
 68/500 [===>..........................] - ETA: 2:08 - loss: nan
 69/500 [===>..........................] - ETA: 2:07 - loss: nan
 70/500 [===>..........................] - ETA: 2:07 - loss: nan
 71/500 [===>..........................] - ETA: 2:06 - loss: nan
 72/500 [===>..........................] - ETA: 2:06 - loss: nan
 73/500 [===>..........................] - ETA: 2:06 - loss: nan
 74/500 [===>..........................] - ETA: 2:05 - loss: nan
 75/500 [===>..........................] - ETA: 2:05 - loss: nan
 76/500 [===>..........................] - ETA: 2:05 - loss: nan
 77/500 [===>..........................] - ETA: 2:04 - loss: nan
 78/500 [===>..........................] - ETA: 2:04 - loss: nan
 79/500 [===>..........................] - ETA: 2:04 - loss: nan
 80/500 [===>..........................] - ETA: 2:03 - loss: nan
 81/500 [===>..........................] - ETA: 2:03 - loss: nan
 82/500 [===>..........................] - ETA: 2:03 - loss: nan
 83/500 [===>..........................] - ETA: 2:02 - loss: nan
 84/500 [====>.........................] - ETA: 2:02 - loss: nan
 85/500 [====>.........................] - ETA: 2:02 - loss: nan
 86/500 [====>.........................] - ETA: 2:01 - loss: nan
 87/500 [====>.........................] - ETA: 2:01 - loss: nan
 88/500 [====>.........................] - ETA: 2:01 - loss: nan
 89/500 [====>.........................] - ETA: 2:00 - loss: nan
 90/500 [====>.........................] - ETA: 2:00 - loss: nan
 91/500 [====>.........................] - ETA: 2:00 - loss: nan
 92/500 [====>.........................] - ETA: 1:59 - loss: nan
 93/500 [====>.........................] - ETA: 1:59 - loss: nan
 94/500 [====>.........................] - ETA: 1:59 - loss: nan
 95/500 [====>.........................] - ETA: 1:58 - loss: nan
 96/500 [====>.........................] - ETA: 1:58 - loss: nan
 97/500 [====>.........................] - ETA: 1:58 - loss: nan
 98/500 [====>.........................] - ETA: 1:58 - loss: nan
 99/500 [====>.........................] - ETA: 1:57 - loss: nan
100/500 [=====>........................] - ETA: 1:57 - loss: nan
101/500 [=====>........................] - ETA: 1:57 - loss: nan
102/500 [=====>........................] - ETA: 1:56 - loss: nan
103/500 [=====>........................] - ETA: 1:56 - loss: nan
104/500 [=====>........................] - ETA: 1:56 - loss: nan
105/500 [=====>........................] - ETA: 1:56 - loss: nan
106/500 [=====>........................] - ETA: 1:55 - loss: nan
107/500 [=====>........................] - ETA: 1:55 - loss: nan
108/500 [=====>........................] - ETA: 1:55 - loss: nan
109/500 [=====>........................] - ETA: 1:54 - loss: nan
110/500 [=====>........................] - ETA: 1:54 - loss: nan
111/500 [=====>........................] - ETA: 1:54 - loss: nan
112/500 [=====>........................] - ETA: 1:53 - loss: nan
113/500 [=====>........................] - ETA: 1:53 - loss: nan
114/500 [=====>........................] - ETA: 1:53 - loss: nan
115/500 [=====>........................] - ETA: 1:53 - loss: nan
116/500 [=====>........................] - ETA: 1:52 - loss: nan
117/500 [======>.......................] - ETA: 1:52 - loss: nan
118/500 [======>.......................] - ETA: 1:52 - loss: nan
119/500 [======>.......................] - ETA: 1:51 - loss: nan
120/500 [======>.......................] - ETA: 1:51 - loss: nan
121/500 [======>.......................] - ETA: 1:51 - loss: nan
122/500 [======>.......................] - ETA: 1:50 - loss: nan
123/500 [======>.......................] - ETA: 1:50 - loss: nan
124/500 [======>.......................] - ETA: 1:50 - loss: nan
125/500 [======>.......................] - ETA: 1:49 - loss: nan
126/500 [======>.......................] - ETA: 1:49 - loss: nan
127/500 [======>.......................] - ETA: 1:49 - loss: nan
128/500 [======>.......................] - ETA: 1:48 - loss: nan
129/500 [======>.......................] - ETA: 1:48 - loss: nan
130/500 [======>.......................] - ETA: 1:47 - loss: nan
131/500 [======>.......................] - ETA: 1:47 - loss: nan
132/500 [======>.......................] - ETA: 1:47 - loss: nan
133/500 [======>.......................] - ETA: 1:46 - loss: nan
134/500 [=======>......................] - ETA: 1:46 - loss: nan
135/500 [=======>......................] - ETA: 1:46 - loss: nan
136/500 [=======>......................] - ETA: 1:45 - loss: nan
137/500 [=======>......................] - ETA: 1:45 - loss: nan
138/500 [=======>......................] - ETA: 1:45 - loss: nan
139/500 [=======>......................] - ETA: 1:44 - loss: nan
140/500 [=======>......................] - ETA: 1:44 - loss: nan
141/500 [=======>......................] - ETA: 1:44 - loss: nan
142/500 [=======>......................] - ETA: 1:43 - loss: nan
143/500 [=======>......................] - ETA: 1:43 - loss: nan
144/500 [=======>......................] - ETA: 1:43 - loss: nan
145/500 [=======>......................] - ETA: 1:43 - loss: nan
146/500 [=======>......................] - ETA: 1:42 - loss: nan
147/500 [=======>......................] - ETA: 1:42 - loss: nan
148/500 [=======>......................] - ETA: 1:42 - loss: nan
149/500 [=======>......................] - ETA: 1:41 - loss: nan
150/500 [========>.....................] - ETA: 1:41 - loss: nan
151/500 [========>.....................] - ETA: 1:41 - loss: nan
152/500 [========>.....................] - ETA: 1:40 - loss: nan
153/500 [========>.....................] - ETA: 1:40 - loss: nan
154/500 [========>.....................] - ETA: 1:40 - loss: nan
155/500 [========>.....................] - ETA: 1:40 - loss: nan
156/500 [========>.....................] - ETA: 1:39 - loss: nan
157/500 [========>.....................] - ETA: 1:39 - loss: nan
158/500 [========>.....................] - ETA: 1:39 - loss: nan
159/500 [========>.....................] - ETA: 1:38 - loss: nan
160/500 [========>.....................] - ETA: 1:38 - loss: nan
161/500 [========>.....................] - ETA: 1:38 - loss: nan
162/500 [========>.....................] - ETA: 1:37 - loss: nan
163/500 [========>.....................] - ETA: 1:37 - loss: nan
164/500 [========>.....................] - ETA: 1:37 - loss: nan
165/500 [========>.....................] - ETA: 1:36 - loss: nan
166/500 [========>.....................] - ETA: 1:36 - loss: nan
167/500 [=========>....................] - ETA: 1:36 - loss: nan
168/500 [=========>....................] - ETA: 1:35 - loss: nan
169/500 [=========>....................] - ETA: 1:35 - loss: nan
170/500 [=========>....................] - ETA: 1:35 - loss: nan
171/500 [=========>....................] - ETA: 1:34 - loss: nan
172/500 [=========>....................] - ETA: 1:34 - loss: nan
173/500 [=========>....................] - ETA: 1:34 - loss: nan
174/500 [=========>....................] - ETA: 1:33 - loss: nan
175/500 [=========>....................] - ETA: 1:33 - loss: nan
176/500 [=========>....................] - ETA: 1:33 - loss: nan
177/500 [=========>....................] - ETA: 1:32 - loss: nan
178/500 [=========>....................] - ETA: 1:32 - loss: nan
179/500 [=========>....................] - ETA: 1:32 - loss: nan
180/500 [=========>....................] - ETA: 1:32 - loss: nan
181/500 [=========>....................] - ETA: 1:31 - loss: nan
182/500 [=========>....................] - ETA: 1:31 - loss: nan
183/500 [=========>....................] - ETA: 1:31 - loss: nan
184/500 [==========>...................] - ETA: 1:30 - loss: nan
185/500 [==========>...................] - ETA: 1:30 - loss: nan
186/500 [==========>...................] - ETA: 1:30 - loss: nan
187/500 [==========>...................] - ETA: 1:29 - loss: nan
188/500 [==========>...................] - ETA: 1:29 - loss: nan
189/500 [==========>...................] - ETA: 1:29 - loss: nan
190/500 [==========>...................] - ETA: 1:28 - loss: nan
191/500 [==========>...................] - ETA: 1:28 - loss: nan
192/500 [==========>...................] - ETA: 1:28 - loss: nan
193/500 [==========>...................] - ETA: 1:27 - loss: nan
194/500 [==========>...................] - ETA: 1:27 - loss: nan
195/500 [==========>...................] - ETA: 1:27 - loss: nan
196/500 [==========>...................] - ETA: 1:27 - loss: nan
197/500 [==========>...................] - ETA: 1:26 - loss: nan
198/500 [==========>...................] - ETA: 1:26 - loss: nan
199/500 [==========>...................] - ETA: 1:26 - loss: nan
200/500 [===========>..................] - ETA: 1:25 - loss: nan
201/500 [===========>..................] - ETA: 1:25 - loss: nan
202/500 [===========>..................] - ETA: 1:25 - loss: nan
203/500 [===========>..................] - ETA: 1:25 - loss: nan
204/500 [===========>..................] - ETA: 1:24 - loss: nan
205/500 [===========>..................] - ETA: 1:24 - loss: nan
206/500 [===========>..................] - ETA: 1:24 - loss: nan
207/500 [===========>..................] - ETA: 1:24 - loss: nan
208/500 [===========>..................] - ETA: 1:23 - loss: nan
209/500 [===========>..................] - ETA: 1:23 - loss: nan
210/500 [===========>..................] - ETA: 1:23 - loss: nan
211/500 [===========>..................] - ETA: 1:22 - loss: nan
212/500 [===========>..................] - ETA: 1:22 - loss: nan
213/500 [===========>..................] - ETA: 1:22 - loss: nan
214/500 [===========>..................] - ETA: 1:21 - loss: nan
215/500 [===========>..................] - ETA: 1:21 - loss: nan
216/500 [===========>..................] - ETA: 1:21 - loss: nan
217/500 [============>.................] - ETA: 1:21 - loss: nan
218/500 [============>.................] - ETA: 1:20 - loss: nan
219/500 [============>.................] - ETA: 1:20 - loss: nan
220/500 [============>.................] - ETA: 1:20 - loss: nan
221/500 [============>.................] - ETA: 1:19 - loss: nan
222/500 [============>.................] - ETA: 1:19 - loss: nan
223/500 [============>.................] - ETA: 1:19 - loss: nan
224/500 [============>.................] - ETA: 1:19 - loss: nan
225/500 [============>.................] - ETA: 1:18 - loss: nan
226/500 [============>.................] - ETA: 1:18 - loss: nan
227/500 [============>.................] - ETA: 1:18 - loss: nan
228/500 [============>.................] - ETA: 1:17 - loss: nan
229/500 [============>.................] - ETA: 1:17 - loss: nan
230/500 [============>.................] - ETA: 1:17 - loss: nan
231/500 [============>.................] - ETA: 1:17 - loss: nan
232/500 [============>.................] - ETA: 1:16 - loss: nan
233/500 [============>.................] - ETA: 1:16 - loss: nan
234/500 [=============>................] - ETA: 1:16 - loss: nan
235/500 [=============>................] - ETA: 1:15 - loss: nan
236/500 [=============>................] - ETA: 1:15 - loss: nan
237/500 [=============>................] - ETA: 1:15 - loss: nan
238/500 [=============>................] - ETA: 1:14 - loss: nan
239/500 [=============>................] - ETA: 1:14 - loss: nan
240/500 [=============>................] - ETA: 1:14 - loss: nan
241/500 [=============>................] - ETA: 1:14 - loss: nan
242/500 [=============>................] - ETA: 1:13 - loss: nan
243/500 [=============>................] - ETA: 1:13 - loss: nan
244/500 [=============>................] - ETA: 1:13 - loss: nan
245/500 [=============>................] - ETA: 1:12 - loss: nan
246/500 [=============>................] - ETA: 1:12 - loss: nan
247/500 [=============>................] - ETA: 1:12 - loss: nan
248/500 [=============>................] - ETA: 1:12 - loss: nan
249/500 [=============>................] - ETA: 1:11 - loss: nan
250/500 [==============>...............] - ETA: 1:11 - loss: nan
251/500 [==============>...............] - ETA: 1:11 - loss: nan
252/500 [==============>...............] - ETA: 1:11 - loss: nan
253/500 [==============>...............] - ETA: 1:10 - loss: nan
254/500 [==============>...............] - ETA: 1:10 - loss: nan
255/500 [==============>...............] - ETA: 1:10 - loss: nan
256/500 [==============>...............] - ETA: 1:09 - loss: nan
257/500 [==============>...............] - ETA: 1:09 - loss: nan
258/500 [==============>...............] - ETA: 1:09 - loss: nan
259/500 [==============>...............] - ETA: 1:09 - loss: nan
260/500 [==============>...............] - ETA: 1:08 - loss: nan
261/500 [==============>...............] - ETA: 1:08 - loss: nan
262/500 [==============>...............] - ETA: 1:08 - loss: nan
263/500 [==============>...............] - ETA: 1:07 - loss: nan
264/500 [==============>...............] - ETA: 1:07 - loss: nan
265/500 [==============>...............] - ETA: 1:07 - loss: nan
266/500 [==============>...............] - ETA: 1:06 - loss: nan
267/500 [===============>..............] - ETA: 1:06 - loss: nan
268/500 [===============>..............] - ETA: 1:06 - loss: nan
269/500 [===============>..............] - ETA: 1:06 - loss: nan
270/500 [===============>..............] - ETA: 1:05 - loss: nan
271/500 [===============>..............] - ETA: 1:05 - loss: nan
272/500 [===============>..............] - ETA: 1:05 - loss: nan
273/500 [===============>..............] - ETA: 1:04 - loss: nan
274/500 [===============>..............] - ETA: 1:04 - loss: nan
275/500 [===============>..............] - ETA: 1:04 - loss: nan
276/500 [===============>..............] - ETA: 1:04 - loss: nan
277/500 [===============>..............] - ETA: 1:03 - loss: nan
278/500 [===============>..............] - ETA: 1:03 - loss: nan
279/500 [===============>..............] - ETA: 1:03 - loss: nan
280/500 [===============>..............] - ETA: 1:02 - loss: nan
281/500 [===============>..............] - ETA: 1:02 - loss: nan
282/500 [===============>..............] - ETA: 1:02 - loss: nan
283/500 [===============>..............] - ETA: 1:01 - loss: nan
284/500 [================>.............] - ETA: 1:01 - loss: nan
285/500 [================>.............] - ETA: 1:01 - loss: nan
286/500 [================>.............] - ETA: 1:00 - loss: nan
287/500 [================>.............] - ETA: 1:00 - loss: nan
288/500 [================>.............] - ETA: 1:00 - loss: nan
289/500 [================>.............] - ETA: 59s - loss: nan 
290/500 [================>.............] - ETA: 59s - loss: nan
291/500 [================>.............] - ETA: 59s - loss: nan
292/500 [================>.............] - ETA: 59s - loss: nan
293/500 [================>.............] - ETA: 58s - loss: nan
294/500 [================>.............] - ETA: 58s - loss: nan
295/500 [================>.............] - ETA: 58s - loss: nan
296/500 [================>.............] - ETA: 57s - loss: nan
297/500 [================>.............] - ETA: 57s - loss: nan
298/500 [================>.............] - ETA: 57s - loss: nan
299/500 [================>.............] - ETA: 56s - loss: nan
300/500 [=================>............] - ETA: 56s - loss: nan
301/500 [=================>............] - ETA: 56s - loss: nan
302/500 [=================>............] - ETA: 56s - loss: nan
303/500 [=================>............] - ETA: 55s - loss: nan
304/500 [=================>............] - ETA: 55s - loss: nan
305/500 [=================>............] - ETA: 55s - loss: nan
306/500 [=================>............] - ETA: 54s - loss: nan
307/500 [=================>............] - ETA: 54s - loss: nan
308/500 [=================>............] - ETA: 54s - loss: nan
309/500 [=================>............] - ETA: 54s - loss: nan
310/500 [=================>............] - ETA: 53s - loss: nan
311/500 [=================>............] - ETA: 53s - loss: nan
312/500 [=================>............] - ETA: 53s - loss: nan
313/500 [=================>............] - ETA: 52s - loss: nan
314/500 [=================>............] - ETA: 52s - loss: nan
315/500 [=================>............] - ETA: 52s - loss: nan
316/500 [=================>............] - ETA: 52s - loss: nan
317/500 [==================>...........] - ETA: 51s - loss: nan
318/500 [==================>...........] - ETA: 51s - loss: nan
319/500 [==================>...........] - ETA: 51s - loss: nan
320/500 [==================>...........] - ETA: 50s - loss: nan
321/500 [==================>...........] - ETA: 50s - loss: nan
322/500 [==================>...........] - ETA: 50s - loss: nan
323/500 [==================>...........] - ETA: 50s - loss: nan
324/500 [==================>...........] - ETA: 49s - loss: nan
325/500 [==================>...........] - ETA: 49s - loss: nan
326/500 [==================>...........] - ETA: 49s - loss: nan
327/500 [==================>...........] - ETA: 48s - loss: nan
328/500 [==================>...........] - ETA: 48s - loss: nan
329/500 [==================>...........] - ETA: 48s - loss: nan
330/500 [==================>...........] - ETA: 48s - loss: nan
331/500 [==================>...........] - ETA: 47s - loss: nan
332/500 [==================>...........] - ETA: 47s - loss: nan
333/500 [==================>...........] - ETA: 47s - loss: nan
334/500 [===================>..........] - ETA: 46s - loss: nan
335/500 [===================>..........] - ETA: 46s - loss: nan
336/500 [===================>..........] - ETA: 46s - loss: nan
337/500 [===================>..........] - ETA: 46s - loss: nan
338/500 [===================>..........] - ETA: 45s - loss: nan
339/500 [===================>..........] - ETA: 45s - loss: nan
340/500 [===================>..........] - ETA: 45s - loss: nan
341/500 [===================>..........] - ETA: 44s - loss: nan
342/500 [===================>..........] - ETA: 44s - loss: nan
343/500 [===================>..........] - ETA: 44s - loss: nan
344/500 [===================>..........] - ETA: 44s - loss: nan
345/500 [===================>..........] - ETA: 43s - loss: nan
346/500 [===================>..........] - ETA: 43s - loss: nan
347/500 [===================>..........] - ETA: 43s - loss: nan
348/500 [===================>..........] - ETA: 42s - loss: nan
349/500 [===================>..........] - ETA: 42s - loss: nan
350/500 [====================>.........] - ETA: 42s - loss: nan
351/500 [====================>.........] - ETA: 42s - loss: nan
352/500 [====================>.........] - ETA: 41s - loss: nan
353/500 [====================>.........] - ETA: 41s - loss: nan
354/500 [====================>.........] - ETA: 41s - loss: nan
355/500 [====================>.........] - ETA: 40s - loss: nan
356/500 [====================>.........] - ETA: 40s - loss: nan
357/500 [====================>.........] - ETA: 40s - loss: nan
358/500 [====================>.........] - ETA: 40s - loss: nan
359/500 [====================>.........] - ETA: 39s - loss: nan
360/500 [====================>.........] - ETA: 39s - loss: nan
361/500 [====================>.........] - ETA: 39s - loss: nan
362/500 [====================>.........] - ETA: 39s - loss: nan
363/500 [====================>.........] - ETA: 38s - loss: nan
364/500 [====================>.........] - ETA: 38s - loss: nan
365/500 [====================>.........] - ETA: 38s - loss: nan
366/500 [====================>.........] - ETA: 37s - loss: nan
367/500 [=====================>........] - ETA: 37s - loss: nan
368/500 [=====================>........] - ETA: 37s - loss: nan
369/500 [=====================>........] - ETA: 37s - loss: nan
370/500 [=====================>........] - ETA: 36s - loss: nan
371/500 [=====================>........] - ETA: 36s - loss: nan
372/500 [=====================>........] - ETA: 36s - loss: nan
373/500 [=====================>........] - ETA: 35s - loss: nan
374/500 [=====================>........] - ETA: 35s - loss: nan
375/500 [=====================>........] - ETA: 35s - loss: nan
376/500 [=====================>........] - ETA: 35s - loss: nan
377/500 [=====================>........] - ETA: 34s - loss: nan
378/500 [=====================>........] - ETA: 34s - loss: nan
379/500 [=====================>........] - ETA: 34s - loss: nan
380/500 [=====================>........] - ETA: 33s - loss: nan
381/500 [=====================>........] - ETA: 33s - loss: nan
382/500 [=====================>........] - ETA: 33s - loss: nan
383/500 [=====================>........] - ETA: 32s - loss: nan
384/500 [======================>.......] - ETA: 32s - loss: nan
385/500 [======================>.......] - ETA: 32s - loss: nan
386/500 [======================>.......] - ETA: 32s - loss: nan
387/500 [======================>.......] - ETA: 31s - loss: nan
388/500 [======================>.......] - ETA: 31s - loss: nan
389/500 [======================>.......] - ETA: 31s - loss: nan
390/500 [======================>.......] - ETA: 30s - loss: nan
391/500 [======================>.......] - ETA: 30s - loss: nan
392/500 [======================>.......] - ETA: 30s - loss: nan
393/500 [======================>.......] - ETA: 30s - loss: nan
394/500 [======================>.......] - ETA: 29s - loss: nan
395/500 [======================>.......] - ETA: 29s - loss: nan
396/500 [======================>.......] - ETA: 29s - loss: nan
397/500 [======================>.......] - ETA: 28s - loss: nan
398/500 [======================>.......] - ETA: 28s - loss: nan